<?xml version="1.0" encoding="UTF-8"?>
<testng-results ignored="2" total="4" passed="1" failed="1" skipped="0">
  <reporter-output>
  </reporter-output>
  <suite started-at="2022-12-22T12:58:30 IST" name="Suite" finished-at="2022-12-22T12:58:47 IST" duration-ms="16949">
    <groups>
    </groups>
    <test started-at="2022-12-22T12:58:30 IST" name="Test" finished-at="2022-12-22T12:58:47 IST" duration-ms="16949">
      <class name="script.InvalidLogin">
        <test-method is-config="true" signature="createReport()[pri:0, instance:script.InvalidLogin@4b672daa]" started-at="2022-12-22T12:58:30 IST" name="createReport" finished-at="2022-12-22T12:58:30 IST" duration-ms="109" status="PASS">
          <reporter-output>
          </reporter-output>
        </test-method> <!-- createReport -->
        <test-method is-config="true" signature="openApp(java.lang.String,java.lang.reflect.Method)[pri:0, instance:script.InvalidLogin@4b672daa]" started-at="2022-12-22T12:58:30 IST" name="openApp" finished-at="2022-12-22T12:58:37 IST" duration-ms="7608" status="PASS">
          <params>
            <param index="0">
              <value>
                <![CDATA[base.properties]]>
              </value>
            </param>
            <param index="1">
              <value>
                <![CDATA[public void script.InvalidLogin.testInvalidLogin()]]>
              </value>
            </param>
          </params>
          <reporter-output>
          </reporter-output>
        </test-method> <!-- openApp -->
        <test-method signature="testInvalidLogin()[pri:2, instance:script.InvalidLogin@4b672daa]" started-at="2022-12-22T12:58:37 IST" name="testInvalidLogin" finished-at="2022-12-22T12:58:39 IST" duration-ms="1941" status="PASS">
          <reporter-output>
          </reporter-output>
        </test-method> <!-- testInvalidLogin -->
        <test-method is-config="true" signature="closeApp(org.testng.ITestResult)[pri:0, instance:script.InvalidLogin@4b672daa]" started-at="2022-12-22T12:58:39 IST" name="closeApp" finished-at="2022-12-22T12:58:39 IST" duration-ms="109" status="PASS">
          <params>
            <param index="0">
              <value>
                <![CDATA[[TestResult name=testInvalidLogin status=SUCCESS method=InvalidLogin.testInvalidLogin()[pri:2, instance:script.InvalidLogin@4b672daa] output={null}]]]>
              </value>
            </param>
          </params>
          <reporter-output>
          </reporter-output>
        </test-method> <!-- closeApp -->
        <test-method is-config="true" signature="publishReport()[pri:0, instance:script.InvalidLogin@4b672daa]" started-at="2022-12-22T12:58:47 IST" name="publishReport" finished-at="2022-12-22T12:58:47 IST" duration-ms="161" status="PASS">
          <reporter-output>
          </reporter-output>
        </test-method> <!-- publishReport -->
      </class> <!-- script.InvalidLogin -->
      <class name="script.ValidLogin">
        <test-method is-config="true" signature="openApp(java.lang.String,java.lang.reflect.Method)[pri:0, instance:script.ValidLogin@7b324585]" started-at="2022-12-22T12:58:39 IST" name="openApp" finished-at="2022-12-22T12:58:46 IST" duration-ms="6687" status="PASS">
          <params>
            <param index="0">
              <value>
                <![CDATA[base.properties]]>
              </value>
            </param>
            <param index="1">
              <value>
                <![CDATA[public void script.ValidLogin.testValidLogin()]]>
              </value>
            </param>
          </params>
          <reporter-output>
          </reporter-output>
        </test-method> <!-- openApp -->
        <test-method signature="testValidLogin()[pri:1, instance:script.ValidLogin@7b324585]" started-at="2022-12-22T12:58:46 IST" name="testValidLogin" finished-at="2022-12-22T12:58:46 IST" duration-ms="2" status="FAIL">
          <exception class="java.lang.Error">
            <message>
              <![CDATA[Unresolved compilation problem: 
The method assertTrue(String, boolean) in the type AssertJUnit is not applicable for the arguments (boolean, String)
]]>
            </message>
            <full-stacktrace>
              <![CDATA[java.lang.Error: Unresolved compilation problem: 
The method assertTrue(String, boolean) in the type AssertJUnit is not applicable for the arguments (boolean, String)

at script.ValidLogin.testValidLogin(ValidLogin.java:37)
at java.base/jdk.internal.reflect.NativeMethodAccessorImpl.invoke0(Native Method)
at java.base/jdk.internal.reflect.NativeMethodAccessorImpl.invoke(NativeMethodAccessorImpl.java:77)
at java.base/jdk.internal.reflect.DelegatingMethodAccessorImpl.invoke(DelegatingMethodAccessorImpl.java:43)
at java.base/java.lang.reflect.Method.invoke(Method.java:568)
at org.testng.internal.invokers.MethodInvocationHelper.invokeMethod(MethodInvocationHelper.java:139)
at org.testng.internal.invokers.TestInvoker.invokeMethod(TestInvoker.java:677)
at org.testng.internal.invokers.TestInvoker.invokeTestMethod(TestInvoker.java:221)
at org.testng.internal.invokers.MethodRunner.runInSequence(MethodRunner.java:50)
at org.testng.internal.invokers.TestInvoker$MethodInvocationAgent.invoke(TestInvoker.java:969)
at org.testng.internal.invokers.TestInvoker.invokeTestMethods(TestInvoker.java:194)
at org.testng.internal.invokers.TestMethodWorker.invokeTestMethods(TestMethodWorker.java:148)
at org.testng.internal.invokers.TestMethodWorker.run(TestMethodWorker.java:128)
at java.base/java.util.ArrayList.forEach(ArrayList.java:1511)
at org.testng.TestRunner.privateRun(TestRunner.java:829)
at org.testng.TestRunner.run(TestRunner.java:602)
at org.testng.SuiteRunner.runTest(SuiteRunner.java:437)
at org.testng.SuiteRunner.runSequentially(SuiteRunner.java:431)
at org.testng.SuiteRunner.privateRun(SuiteRunner.java:391)
at org.testng.SuiteRunner.run(SuiteRunner.java:330)
at org.testng.SuiteRunnerWorker.runSuite(SuiteRunnerWorker.java:52)
at org.testng.SuiteRunnerWorker.run(SuiteRunnerWorker.java:95)
at org.testng.TestNG.runSuitesSequentially(TestNG.java:1256)
at org.testng.TestNG.runSuitesLocally(TestNG.java:1176)
at org.testng.TestNG.runSuites(TestNG.java:1099)
at org.testng.TestNG.run(TestNG.java:1067)
at org.testng.remote.AbstractRemoteTestNG.run(AbstractRemoteTestNG.java:115)
at org.testng.remote.RemoteTestNG.initAndRun(RemoteTestNG.java:251)
at org.testng.remote.RemoteTestNG.main(RemoteTestNG.java:77)
]]>
            </full-stacktrace>
          </exception> <!-- java.lang.Error -->
          <reporter-output>
          </reporter-output>
        </test-method> <!-- testValidLogin -->
        <test-method is-config="true" signature="closeApp(org.testng.ITestResult)[pri:0, instance:script.ValidLogin@7b324585]" started-at="2022-12-22T12:58:46 IST" name="closeApp" finished-at="2022-12-22T12:58:47 IST" duration-ms="564" status="PASS">
          <params>
            <param index="0">
              <value>
                <![CDATA[[TestResult name=testValidLogin status=FAILURE method=ValidLogin.testValidLogin()[pri:1, instance:script.ValidLogin@7b324585] output={null}]]]>
              </value>
            </param>
          </params>
          <reporter-output>
          </reporter-output>
        </test-method> <!-- closeApp -->
      </class> <!-- script.ValidLogin -->
    </test> <!-- Test -->
  </suite> <!-- Suite -->
</testng-results>
